[0.008s] Invoking command in '/home/user/ros2_ws/src/armando_description/build/armando_description': CMAKE_PREFIX_PATH=${CMAKE_PREFIX_PATH}:/opt/ros/humble /usr/bin/cmake /home/user/ros2_ws/src/armando_description -DAMENT_CMAKE_SYMLINK_INSTALL=1 -DCMAKE_INSTALL_PREFIX=/home/user/ros2_ws/src/armando_description/install/armando_description
[0.065s] -- The C compiler identification is GNU 11.4.0
[0.117s] -- The CXX compiler identification is GNU 11.4.0
[0.123s] -- Detecting C compiler ABI info
[0.235s] -- Detecting C compiler ABI info - done
[0.244s] -- Check for working C compiler: /usr/bin/cc - skipped
[0.244s] -- Detecting C compile features
[0.244s] -- Detecting C compile features - done
[0.247s] -- Detecting CXX compiler ABI info
[0.366s] -- Detecting CXX compiler ABI info - done
[0.375s] -- Check for working CXX compiler: /usr/bin/c++ - skipped
[0.375s] -- Detecting CXX compile features
[0.375s] -- Detecting CXX compile features - done
[0.379s] -- Found ament_cmake: 1.3.12 (/opt/ros/humble/share/ament_cmake/cmake)
[0.516s] -- Found Python3: /usr/bin/python3 (found version "3.10.12") found components: Interpreter 
[0.566s] -- Override CMake install command with custom implementation using symlinks instead of copying resources
[0.602s] -- Found ament_lint_auto: 0.12.14 (/opt/ros/humble/share/ament_lint_auto/cmake)
[0.669s] -- Added test 'cppcheck' to perform static code analysis on C / C++ code
[0.669s] -- Configured cppcheck include dirs: 
[0.670s] -- Configured cppcheck exclude dirs and/or files: 
[0.670s] -- Added test 'flake8' to check Python code syntax and style conventions
[0.672s] -- Added test 'lint_cmake' to check CMake code style
[0.672s] -- Added test 'pep257' to check Python code against some of the docstring style conventions in PEP 257
[0.677s] -- Added test 'uncrustify' to check C / C++ code style
[0.677s] -- Configured uncrustify additional arguments: 
[0.678s] -- Added test 'xmllint' to check XML markup files
[0.679s] -- Configuring done
[0.681s] -- Generating done
[0.682s] -- Build files have been written to: /home/user/ros2_ws/src/armando_description/build/armando_description
[0.685s] Invoked command in '/home/user/ros2_ws/src/armando_description/build/armando_description' returned '0': CMAKE_PREFIX_PATH=${CMAKE_PREFIX_PATH}:/opt/ros/humble /usr/bin/cmake /home/user/ros2_ws/src/armando_description -DAMENT_CMAKE_SYMLINK_INSTALL=1 -DCMAKE_INSTALL_PREFIX=/home/user/ros2_ws/src/armando_description/install/armando_description
[0.687s] Invoking command in '/home/user/ros2_ws/src/armando_description/build/armando_description': CMAKE_PREFIX_PATH=${CMAKE_PREFIX_PATH}:/opt/ros/humble /usr/bin/cmake --build /home/user/ros2_ws/src/armando_description/build/armando_description -- -j32 -l32
[0.721s] Invoked command in '/home/user/ros2_ws/src/armando_description/build/armando_description' returned '0': CMAKE_PREFIX_PATH=${CMAKE_PREFIX_PATH}:/opt/ros/humble /usr/bin/cmake --build /home/user/ros2_ws/src/armando_description/build/armando_description -- -j32 -l32
[0.733s] Invoking command in '/home/user/ros2_ws/src/armando_description/build/armando_description': CMAKE_PREFIX_PATH=${CMAKE_PREFIX_PATH}:/opt/ros/humble /usr/bin/cmake --install /home/user/ros2_ws/src/armando_description/build/armando_description
[0.741s] -- Install configuration: ""
[0.741s] -- Execute custom install script
[0.741s] -- Symlinking: /home/user/ros2_ws/src/armando_description/install/armando_description/share/ament_index/resource_index/package_run_dependencies/armando_description
[0.753s] -- Symlinking: /home/user/ros2_ws/src/armando_description/install/armando_description/share/ament_index/resource_index/parent_prefix_path/armando_description
[0.763s] -- Symlinking: /home/user/ros2_ws/src/armando_description/install/armando_description/share/armando_description/environment/ament_prefix_path.sh
[0.773s] -- Symlinking: /home/user/ros2_ws/src/armando_description/install/armando_description/share/armando_description/environment/ament_prefix_path.dsv
[0.784s] -- Symlinking: /home/user/ros2_ws/src/armando_description/install/armando_description/share/armando_description/environment/path.sh
[0.793s] -- Symlinking: /home/user/ros2_ws/src/armando_description/install/armando_description/share/armando_description/environment/path.dsv
[0.799s] -- Symlinking: /home/user/ros2_ws/src/armando_description/install/armando_description/share/armando_description/local_setup.bash
[0.806s] -- Symlinking: /home/user/ros2_ws/src/armando_description/install/armando_description/share/armando_description/local_setup.sh
[0.815s] -- Symlinking: /home/user/ros2_ws/src/armando_description/install/armando_description/share/armando_description/local_setup.zsh
[0.824s] -- Symlinking: /home/user/ros2_ws/src/armando_description/install/armando_description/share/armando_description/local_setup.dsv
[0.832s] -- Symlinking: /home/user/ros2_ws/src/armando_description/install/armando_description/share/armando_description/package.dsv
[0.840s] -- Symlinking: /home/user/ros2_ws/src/armando_description/install/armando_description/share/ament_index/resource_index/packages/armando_description
[0.850s] -- Symlinking: /home/user/ros2_ws/src/armando_description/install/armando_description/share/armando_description/cmake/armando_descriptionConfig.cmake
[0.858s] -- Symlinking: /home/user/ros2_ws/src/armando_description/install/armando_description/share/armando_description/cmake/armando_descriptionConfig-version.cmake
[0.866s] -- Symlinking: /home/user/ros2_ws/src/armando_description/install/armando_description/share/armando_description/package.xml
[0.876s] Invoked command in '/home/user/ros2_ws/src/armando_description/build/armando_description' returned '0': CMAKE_PREFIX_PATH=${CMAKE_PREFIX_PATH}:/opt/ros/humble /usr/bin/cmake --install /home/user/ros2_ws/src/armando_description/build/armando_description
